[debug] [2022-10-09T03:39:57.650Z] ----------------------------------------------------------------------
[debug] [2022-10-09T03:39:57.652Z] Command:       C:\Program Files\nodejs\node.exe C:\Users\lucas\AppData\Roaming\npm\node_modules\firebase-tools\lib\bin\firebase.js init
[debug] [2022-10-09T03:39:57.652Z] CLI Version:   11.14.1
[debug] [2022-10-09T03:39:57.652Z] Platform:      win32
[debug] [2022-10-09T03:39:57.652Z] Node Version:  v16.17.1
[debug] [2022-10-09T03:39:57.654Z] Time:          Sun Oct 09 2022 00:39:57 GMT-0300 (Horário Padrão de Brasília)
[debug] [2022-10-09T03:39:57.654Z] ----------------------------------------------------------------------
[debug] 
[debug] [2022-10-09T03:39:57.661Z] > command requires scopes: ["email","openid","https://www.googleapis.com/auth/cloudplatformprojects.readonly","https://www.googleapis.com/auth/firebase","https://www.googleapis.com/auth/cloud-platform"]
[debug] [2022-10-09T03:39:57.661Z] > authorizing via signed-in user (odev.gabriel@gmail.com)
[info] 
     ######## #### ########  ######## ########     ###     ######  ########
     ##        ##  ##     ## ##       ##     ##  ##   ##  ##       ##
     ######    ##  ########  ######   ########  #########  ######  ######
     ##        ##  ##    ##  ##       ##     ## ##     ##       ## ##
     ##       #### ##     ## ######## ########  ##     ##  ######  ########

You're about to initialize a Firebase project in this directory:

  C:\Users\lucas\OneDrive\Área de Trabalho\Project\cifraapollo

[info] 
=== Project Setup
[info] 
[info] First, let's associate this project directory with a Firebase project.
[info] You can create multiple project aliases by running firebase use --add, 
[info] but for now we'll just set up a default project.
[info] 
[debug] [2022-10-09T03:40:24.940Z] >>> [apiv2][query] GET https://firebase.googleapis.com/v1beta1/projects pageSize=100
[debug] [2022-10-09T03:40:26.200Z] <<< [apiv2][status] GET https://firebase.googleapis.com/v1beta1/projects 200
[debug] [2022-10-09T03:40:26.201Z] <<< [apiv2][body] GET https://firebase.googleapis.com/v1beta1/projects [omitted]
[info] i  Using project cifraapollo (cifraapollo) 
[info] 
=== Hosting Setup
[info] 
[info] Your public directory is the folder (relative to your project directory) that
[info] will contain Hosting assets to be uploaded with firebase deploy. If you
[info] have a build process for your assets, use your build's output directory.
[info] 
[debug] [2022-10-09T03:41:37.469Z] >>> [apiv2][query] GET https://www.gstatic.com/firebasejs/releases.json [none]
[debug] [2022-10-09T03:41:37.660Z] <<< [apiv2][status] GET https://www.gstatic.com/firebasejs/releases.json 200
[debug] [2022-10-09T03:41:37.661Z] <<< [apiv2][body] GET https://www.gstatic.com/firebasejs/releases.json {"current":{"version":"9.11.0","browserURL":"https://www.gstatic.com/firebasejs/9.11.0/firebase.js","packageURL":"https://www.gstatic.com/firebasejs/9.11.0/firebase.tgz"},"live":{"version":"9.11","browserURL":"https://www.gstatic.com/firebasejs/live/9.11/firebase.js","packageURL":"https://www.gstatic.com/firebasejs/live/9.11/firebase.tgz"},"components":{"analytics":"https://www.gstatic.com/firebasejs/9.11.0/firebase-analytics.js","app":"https://www.gstatic.com/firebasejs/9.11.0/firebase-app.js","app-check":"https://www.gstatic.com/firebasejs/9.11.0/firebase-app-check.js","auth":"https://www.gstatic.com/firebasejs/9.11.0/firebase-auth.js","auth/cordova":"https://www.gstatic.com/firebasejs/9.11.0/firebase-auth/cordova.js","auth/react-native":"https://www.gstatic.com/firebasejs/9.11.0/firebase-auth/react-native.js","functions":"https://www.gstatic.com/firebasejs/9.11.0/firebase-functions.js","firestore":"https://www.gstatic.com/firebasejs/9.11.0/firebase-firestore.js","firestore/lite":"https://www.gstatic.com/firebasejs/9.11.0/firebase-firestore/lite.js","installations":"https://www.gstatic.com/firebasejs/9.11.0/firebase-installations.js","storage":"https://www.gstatic.com/firebasejs/9.11.0/firebase-storage.js","performance":"https://www.gstatic.com/firebasejs/9.11.0/firebase-performance.js","remote-config":"https://www.gstatic.com/firebasejs/9.11.0/firebase-remote-config.js","messaging":"https://www.gstatic.com/firebasejs/9.11.0/firebase-messaging.js","messaging/sw":"https://www.gstatic.com/firebasejs/9.11.0/firebase-messaging/sw.js","database":"https://www.gstatic.com/firebasejs/9.11.0/firebase-database.js","firestore.memory":"https://www.gstatic.com/firebasejs/9.11.0/firebase-firestore.memory.js"}}
[info] i  Skipping write of public/index.html 
[info] 
[info] i  Didn't detect a .git folder. Assuming C:\Users\lucas\OneDrive\Área de Trabalho\Project\cifraapollo is the project root. 
[info] i  Authorizing with GitHub to upload your service account to a GitHub repository's secrets store. 
[info] 
[info] Visit this URL on this device to log in:
[info] https://github.com/login/oauth/authorize?client_id=89cf50f02ac6aaed3484&state=622301161&redirect_uri=http%3A%2F%2Flocalhost%3A9005&scope=read%3Auser%20repo%20public_repo
[info] 
[info] Waiting for authentication...
